TN:
SF:src/app.ts
FN:25,(anonymous_1)
FN:35,init
FN:40,close
FNF:3
FNH:2
FNDA:1,(anonymous_1)
FNDA:10,init
FNDA:0,close
DA:1,10
DA:2,10
DA:3,10
DA:4,10
DA:6,10
DA:8,10
DA:10,10
DA:11,10
DA:21,10
DA:22,10
DA:25,1
DA:35,10
DA:36,10
DA:37,10
DA:40,10
DA:41,0
DA:44,10
LF:17
LH:16
BRF:0
BRH:0
end_of_record
TN:
SF:src/server.ts
FN:5,(anonymous_6)
FN:6,(anonymous_7)
FNF:2
FNH:0
FNDA:0,(anonymous_6)
FNDA:0,(anonymous_7)
DA:1,0
DA:3,0
DA:5,0
DA:6,0
DA:8,0
LF:5
LH:0
BRDA:3,0,0,0
BRDA:3,0,1,0
BRF:2
BRH:0
end_of_record
TN:
SF:src/config/database.ts
FN:4,connectDb
FN:8,disconnectDB
FNF:2
FNH:1
FNDA:10,connectDb
FNDA:0,disconnectDB
DA:1,13
DA:4,13
DA:5,10
DA:8,13
DA:9,0
LF:5
LH:4
BRF:0
BRH:0
end_of_record
TN:
SF:src/config/envs.ts
FN:4,loadEnv
FNF:1
FNH:1
FNDA:23,loadEnv
DA:1,13
DA:2,13
DA:4,13
DA:6,23
DA:12,23
DA:13,23
LF:6
LH:6
BRDA:6,0,0,23
BRDA:6,0,1,0
BRDA:8,1,0,0
BRDA:8,1,1,0
BRF:4
BRH:1
end_of_record
TN:
SF:src/config/index.ts
FNF:0
FNH:0
DA:1,13
DA:2,13
LF:2
LH:2
BRF:0
BRH:0
end_of_record
TN:
SF:src/controllers/authentication-controller.ts
FN:5,singInPost
FNF:1
FNH:1
FNDA:5,singInPost
DA:2,10
DA:3,10
DA:5,10
DA:6,5
DA:8,5
DA:9,5
DA:11,3
DA:13,2
LF:8
LH:8
BRF:0
BRH:0
end_of_record
TN:
SF:src/controllers/enrollments-controller.ts
FN:6,getEnrollmentByUser
FN:18,postCreateOrUpdateEnrollment
FN:31,getAddressFromCEP
FNF:3
FNH:3
FNDA:2,getEnrollmentByUser
FNDA:2,postCreateOrUpdateEnrollment
FNDA:2,getAddressFromCEP
DA:2,10
DA:4,10
DA:6,10
DA:7,2
DA:9,2
DA:10,2
DA:12,1
DA:14,1
DA:18,10
DA:19,2
DA:20,2
DA:25,2
DA:27,0
DA:31,10
DA:32,2
DA:34,2
DA:35,2
DA:36,1
DA:38,1
DA:39,1
LF:20
LH:19
BRDA:38,0,0,1
BRF:1
BRH:1
end_of_record
TN:
SF:src/controllers/events-controller.ts
FN:5,getDefaultEvent
FNF:1
FNH:1
FNDA:2,getDefaultEvent
DA:2,10
DA:3,10
DA:5,10
DA:6,2
DA:7,2
DA:8,1
DA:10,1
LF:7
LH:7
BRF:0
BRH:0
end_of_record
TN:
SF:src/controllers/hotels-controller.ts
FN:7,getHotels
FN:18,getHotelRooms
FNF:2
FNH:2
FNDA:6,getHotels
FNDA:6,getHotelRooms
DA:2,10
DA:4,10
DA:5,10
DA:7,10
DA:8,6
DA:10,6
DA:11,6
DA:12,1
DA:14,5
DA:18,10
DA:19,6
DA:20,6
DA:22,6
DA:24,6
DA:26,6
DA:27,6
DA:28,1
DA:30,5
LF:18
LH:18
BRDA:20,0,0,0
BRF:1
BRH:0
end_of_record
TN:
SF:src/controllers/index.ts
FNF:0
FNH:0
DA:1,10
DA:2,10
DA:3,10
DA:4,10
DA:5,10
DA:6,10
LF:6
LH:6
BRF:0
BRH:0
end_of_record
TN:
SF:src/controllers/payments-controller.ts
FN:8,paymentProcess
FN:20,getPaymentById
FNF:2
FNH:2
FNDA:5,paymentProcess
FNDA:4,getPaymentById
DA:2,10
DA:4,10
DA:6,10
DA:8,10
DA:9,5
DA:10,5
DA:12,5
DA:13,5
DA:14,3
DA:16,2
DA:20,10
DA:21,4
DA:22,4
DA:24,3
DA:26,3
DA:28,3
DA:29,3
DA:30,1
DA:32,2
LF:19
LH:19
BRDA:22,0,0,1
BRF:1
BRH:1
end_of_record
TN:
SF:src/controllers/tickets-controller.ts
FN:6,getTicketsType
FN:16,createTicket
FN:28,getTickets
FNF:3
FNH:3
FNDA:2,getTicketsType
FNDA:3,createTicket
FNDA:3,getTickets
DA:2,10
DA:4,10
DA:6,10
DA:7,2
DA:8,2
DA:10,2
DA:12,0
DA:16,10
DA:17,3
DA:18,3
DA:20,3
DA:21,3
DA:22,2
DA:24,1
DA:28,10
DA:29,3
DA:31,3
DA:32,3
DA:33,1
DA:35,2
LF:20
LH:19
BRF:0
BRH:0
end_of_record
TN:
SF:src/controllers/users-controller.ts
FN:5,usersPost
FNF:1
FNH:1
FNDA:6,usersPost
DA:2,10
DA:3,10
DA:5,10
DA:6,6
DA:8,6
DA:9,6
DA:10,3
DA:15,3
DA:16,1
DA:18,2
LF:10
LH:10
BRDA:15,0,0,1
BRF:1
BRH:1
end_of_record
TN:
SF:src/errors/bad-request-error.ts
FN:3,badRequestError
FNF:1
FNH:1
FNDA:1,badRequestError
DA:3,10
DA:4,1
LF:2
LH:2
BRF:0
BRH:0
end_of_record
TN:
SF:src/errors/cannot-enroll-before-start-date-error.ts
FN:3,cannotEnrollBeforeStartDateError
FNF:1
FNH:1
FNDA:2,cannotEnrollBeforeStartDateError
DA:3,10
DA:4,2
LF:2
LH:2
BRF:0
BRH:0
end_of_record
TN:
SF:src/errors/conflict-error.ts
FN:3,conflictError
FNF:1
FNH:0
FNDA:0,conflictError
DA:3,10
DA:4,0
LF:2
LH:1
BRF:0
BRH:0
end_of_record
TN:
SF:src/errors/index.ts
FNF:0
FNH:0
DA:1,10
DA:2,10
DA:3,10
DA:4,10
DA:5,10
DA:6,10
DA:7,10
DA:8,10
DA:9,10
LF:9
LH:9
BRF:0
BRH:0
end_of_record
TN:
SF:src/errors/invalid-data-error.ts
FN:3,invalidDataError
FNF:1
FNH:1
FNDA:10,invalidDataError
DA:3,10
DA:4,10
LF:2
LH:2
BRF:0
BRH:0
end_of_record
TN:
SF:src/errors/invalid-email-error.ts
FN:3,invalidEmailError
FNF:1
FNH:0
FNDA:0,invalidEmailError
DA:3,10
DA:4,0
LF:2
LH:1
BRF:0
BRH:0
end_of_record
TN:
SF:src/errors/not-found-error.ts
FN:3,notFoundError
FNF:1
FNH:1
FNDA:12,notFoundError
DA:3,10
DA:4,12
LF:2
LH:2
BRF:0
BRH:0
end_of_record
TN:
SF:src/errors/payment-required.ts
FN:3,paymentRequiredError
FNF:1
FNH:1
FNDA:6,paymentRequiredError
DA:3,10
DA:4,6
LF:2
LH:2
BRF:0
BRH:0
end_of_record
TN:
SF:src/errors/request-error.ts
FN:3,requestError
FNF:1
FNH:1
FNDA:1,requestError
DA:3,10
DA:4,1
LF:2
LH:2
BRF:0
BRH:0
end_of_record
TN:
SF:src/errors/unauthorized-error.ts
FN:3,unauthorizedError
FNF:1
FNH:1
FNDA:29,unauthorizedError
DA:3,10
DA:4,29
LF:2
LH:2
BRF:0
BRH:0
end_of_record
TN:
SF:src/middlewares/authentication-middleware.ts
FN:8,authenticateToken
FN:33,generateUnauthorizedResponse
FNF:2
FNH:2
FNDA:66,authenticateToken
FNDA:27,generateUnauthorizedResponse
DA:2,10
DA:3,10
DA:5,10
DA:6,10
DA:8,10
DA:9,66
DA:10,66
DA:12,57
DA:13,57
DA:15,57
DA:16,57
DA:18,48
DA:23,48
DA:25,39
DA:27,39
DA:29,9
DA:34,27
LF:17
LH:17
BRDA:10,0,0,9
BRDA:13,1,0,0
BRDA:23,2,0,9
BRF:3
BRH:2
end_of_record
TN:
SF:src/middlewares/error-handling-middleware.ts
FN:5,handleApplicationErrors
FNF:1
FNH:1
FNDA:18,handleApplicationErrors
DA:2,10
DA:5,10
DA:11,18
DA:12,0
DA:17,18
DA:18,0
DA:23,18
DA:24,0
DA:29,18
DA:30,2
DA:35,16
DA:36,9
DA:41,7
DA:42,1
DA:47,6
DA:48,6
DA:54,0
LF:17
LH:13
BRDA:11,0,0,0
BRDA:17,1,0,0
BRDA:17,2,0,18
BRDA:17,2,1,18
BRDA:23,3,0,0
BRDA:29,4,0,2
BRDA:35,5,0,9
BRDA:41,6,0,1
BRDA:47,7,0,6
BRF:9
BRH:6
end_of_record
TN:
SF:src/middlewares/index.ts
FNF:0
FNH:0
DA:1,10
DA:2,10
DA:3,10
LF:3
LH:3
BRF:0
BRH:0
end_of_record
TN:
SF:src/middlewares/validation-middleware.ts
FN:6,validateBody
FN:10,validateParams
FN:14,validate
FN:15,(anonymous_4)
FN:23,(anonymous_5)
FNF:5
FNH:4
FNDA:50,validateBody
FNDA:0,validateParams
FNDA:50,validate
FNDA:31,(anonymous_4)
FNDA:27,(anonymous_5)
DA:2,10
DA:4,10
DA:6,10
DA:7,50
DA:10,10
DA:11,0
DA:15,50
DA:16,31
DA:20,31
DA:21,21
DA:23,27
LF:11
LH:10
BRDA:20,0,0,21
BRDA:20,0,1,10
BRF:2
BRH:2
end_of_record
TN:
SF:src/repositories/address-repository/index.ts
FN:4,upsert
FNF:1
FNH:1
FNDA:2,upsert
DA:2,10
DA:5,2
DA:20,10
DA:24,10
LF:4
LH:4
BRF:0
BRH:0
end_of_record
TN:
SF:src/repositories/enrollment-repository/index.ts
FN:4,findWithAddressByUserId
FN:13,upsert
FN:30,getUserEnrollmentById
FNF:3
FNH:2
FNDA:20,findWithAddressByUserId
FNDA:2,upsert
FNDA:0,getUserEnrollmentById
DA:2,10
DA:5,20
DA:18,2
DA:31,0
DA:38,10
DA:44,10
LF:6
LH:5
BRF:0
BRH:0
end_of_record
TN:
SF:src/repositories/event-repository/index.ts
FN:3,findFirst
FNF:1
FNH:1
FNDA:11,findFirst
DA:1,10
DA:4,11
DA:7,10
DA:11,10
LF:4
LH:4
BRF:0
BRH:0
end_of_record
TN:
SF:src/repositories/hotel-repository/index.ts
FN:3,getHotels
FN:7,getHotelRooms
FNF:2
FNH:2
FNDA:1,getHotels
FNDA:1,getHotelRooms
DA:1,10
DA:4,1
DA:8,1
DA:18,10
DA:23,10
LF:5
LH:5
BRF:0
BRH:0
end_of_record
TN:
SF:src/repositories/payment-repository/index.ts
FN:4,createPayment
FN:10,getPayment
FNF:2
FNH:2
FNDA:3,createPayment
FNDA:1,getPayment
DA:1,10
DA:5,3
DA:11,1
DA:18,10
DA:23,10
LF:5
LH:5
BRF:0
BRH:0
end_of_record
TN:
SF:src/repositories/session-repository/index.ts
FN:4,create
FNF:1
FNH:1
FNDA:5,create
DA:2,10
DA:5,5
DA:10,10
DA:14,10
LF:4
LH:4
BRF:0
BRH:0
end_of_record
TN:
SF:src/repositories/tickets-repository/index.ts
FN:4,getTicketsType
FN:8,createTicket
FN:18,findTicketByEnrollmentId
FN:33,getTickets
FN:48,getTicketAndEnrollment
FN:59,getUserTicket
FN:70,updateTicketStatus
FNF:7
FNH:7
FNDA:2,getTicketsType
FNDA:2,createTicket
FNDA:12,findTicketByEnrollmentId
FNDA:2,getTickets
FNDA:8,getTicketAndEnrollment
FNDA:3,getUserTicket
FNDA:3,updateTicketStatus
DA:1,10
DA:2,10
DA:5,2
DA:9,2
DA:23,12
DA:38,2
DA:49,8
DA:60,3
DA:71,3
DA:81,10
DA:91,10
LF:11
LH:11
BRF:0
BRH:0
end_of_record
TN:
SF:src/repositories/user-repository/index.ts
FN:4,findByEmail
FN:18,create
FNF:2
FNH:2
FNDA:16,findByEmail
FNDA:5,create
DA:2,10
DA:5,16
DA:11,16
DA:12,9
DA:15,16
DA:19,5
DA:24,10
DA:29,10
LF:8
LH:8
BRDA:11,0,0,9
BRF:1
BRH:1
end_of_record
TN:
SF:src/routers/authentication-router.ts
FNF:0
FNH:0
DA:1,10
DA:2,10
DA:3,10
DA:4,10
DA:6,10
DA:8,10
DA:10,10
LF:7
LH:7
BRF:0
BRH:0
end_of_record
TN:
SF:src/routers/enrollments-router.ts
FNF:0
FNH:0
DA:1,10
DA:2,10
DA:3,10
DA:4,10
DA:6,10
DA:8,10
DA:14,10
LF:7
LH:7
BRF:0
BRH:0
end_of_record
TN:
SF:src/routers/events-router.ts
FNF:0
FNH:0
DA:1,10
DA:2,10
DA:4,10
DA:6,10
DA:8,10
LF:5
LH:5
BRF:0
BRH:0
end_of_record
TN:
SF:src/routers/hotels-router.ts
FNF:0
FNH:0
DA:1,10
DA:2,10
DA:3,10
DA:5,10
DA:7,10
DA:9,10
LF:6
LH:6
BRF:0
BRH:0
end_of_record
TN:
SF:src/routers/index.ts
FNF:0
FNH:0
DA:1,10
DA:2,10
DA:3,10
DA:4,10
DA:5,10
DA:6,10
DA:7,10
LF:7
LH:7
BRF:0
BRH:0
end_of_record
TN:
SF:src/routers/payments-router.ts
FNF:0
FNH:0
DA:1,10
DA:2,10
DA:3,10
DA:4,10
DA:6,10
DA:8,10
DA:13,10
LF:7
LH:7
BRF:0
BRH:0
end_of_record
TN:
SF:src/routers/tickets-router.ts
FNF:0
FNH:0
DA:1,10
DA:2,10
DA:3,10
DA:4,10
DA:6,10
DA:8,10
DA:14,10
LF:7
LH:7
BRF:0
BRH:0
end_of_record
TN:
SF:src/routers/users-router.ts
FNF:0
FNH:0
DA:1,10
DA:3,10
DA:4,10
DA:5,10
DA:7,10
DA:9,10
DA:11,10
LF:7
LH:7
BRF:0
BRH:0
end_of_record
TN:
SF:src/schemas/authentication-schemas.ts
FNF:0
FNH:0
DA:1,13
DA:4,13
LF:2
LH:2
BRF:0
BRH:0
end_of_record
TN:
SF:src/schemas/enrollments-schemas.ts
FN:23,(anonymous_1)
FN:30,joiCpfValidation
FN:40,JoiCepValidation
FN:50,joiMobilePhoneValidation
FNF:4
FNH:4
FNDA:351,(anonymous_1)
FNDA:29,joiCpfValidation
FNDA:19,JoiCepValidation
FNDA:23,joiMobilePhoneValidation
DA:1,13
DA:2,13
DA:5,13
DA:7,13
DA:9,13
DA:11,13
DA:23,351
DA:31,29
DA:33,29
DA:34,1
DA:37,28
DA:41,19
DA:43,19
DA:44,1
DA:47,18
DA:51,23
DA:53,23
DA:54,0
DA:57,23
LF:19
LH:18
BRDA:31,0,0,0
BRDA:33,1,0,1
BRDA:41,2,0,0
BRDA:43,3,0,1
BRDA:51,4,0,0
BRDA:53,5,0,0
BRF:6
BRH:2
end_of_record
TN:
SF:src/schemas/index.ts
FNF:0
FNH:0
DA:1,13
DA:2,13
DA:3,13
DA:4,13
DA:5,13
LF:5
LH:5
BRF:0
BRH:0
end_of_record
TN:
SF:src/schemas/payments-schema.ts
FNF:0
FNH:0
DA:1,13
DA:4,13
LF:2
LH:2
BRF:0
BRH:0
end_of_record
TN:
SF:src/schemas/tickets-schema.ts
FNF:0
FNH:0
DA:1,13
DA:4,13
LF:2
LH:2
BRF:0
BRH:0
end_of_record
TN:
SF:src/schemas/users-schemas.ts
FNF:0
FNH:0
DA:1,13
DA:4,13
LF:2
LH:2
BRF:0
BRH:0
end_of_record
TN:
SF:src/services/index.ts
FNF:0
FNH:0
DA:1,0
DA:2,0
DA:3,0
DA:4,0
LF:4
LH:0
BRF:0
BRH:0
end_of_record
TN:
SF:src/services/authentication-service/errors.ts
FN:3,invalidCredentialsError
FNF:1
FNH:1
FNDA:6,invalidCredentialsError
DA:3,10
DA:4,6
LF:2
LH:2
BRF:0
BRH:0
end_of_record
TN:
SF:src/services/authentication-service/index.ts
FN:9,signIn
FN:24,getUserOrFail
FN:31,createSession
FN:41,validatePasswordOrFail
FNF:4
FNH:4
FNDA:9,signIn
FNDA:9,getUserOrFail
FNDA:5,createSession
FNDA:7,validatePasswordOrFail
DA:2,10
DA:3,10
DA:4,10
DA:5,10
DA:6,10
DA:7,10
DA:10,9
DA:12,9
DA:14,7
DA:16,5
DA:18,5
DA:25,9
DA:26,9
DA:28,7
DA:32,5
DA:33,5
DA:38,5
DA:42,7
DA:43,7
DA:55,10
DA:59,10
DA:60,10
LF:22
LH:22
BRDA:26,0,0,2
BRDA:43,1,0,2
BRF:2
BRH:2
end_of_record
TN:
SF:src/services/enrollments-service/index.ts
FN:9,getAddressFromCEP
FN:29,getOneWithAddressByUserId
FN:45,getFirstAddress
FN:53,createOrUpdateEnrollmentWithAddress
FN:68,getAddressForUpsert
FNF:5
FNH:5
FNDA:4,getAddressFromCEP
FNDA:2,getOneWithAddressByUserId
FNDA:1,getFirstAddress
FNDA:2,createOrUpdateEnrollmentWithAddress
FNDA:2,getAddressForUpsert
DA:2,10
DA:3,10
DA:4,10
DA:5,10
DA:6,10
DA:10,4
DA:12,4
DA:13,1
DA:16,3
DA:18,3
DA:26,3
DA:30,2
DA:32,2
DA:34,1
DA:35,1
DA:37,1
DA:46,1
DA:48,1
DA:54,2
DA:55,2
DA:57,2
DA:58,2
DA:60,0
DA:63,2
DA:65,2
DA:69,2
DA:79,10
DA:85,10
LF:28
LH:27
BRDA:12,0,0,1
BRDA:12,1,0,4
BRDA:12,1,1,3
BRDA:32,2,0,1
BRDA:39,3,0,1
BRDA:39,3,1,1
BRDA:46,4,0,0
BRDA:71,5,0,2
BRDA:71,5,1,2
BRF:9
BRH:8
end_of_record
TN:
SF:src/services/events-service/index.ts
FN:7,getFirstEvent
FN:16,isCurrentEventActive
FNF:2
FNH:2
FNDA:2,getFirstEvent
FNDA:9,isCurrentEventActive
DA:2,10
DA:3,10
DA:4,10
DA:5,10
DA:8,2
DA:9,2
DA:11,1
DA:17,9
DA:18,9
DA:20,8
DA:21,8
DA:22,8
DA:24,8
DA:27,10
DA:32,10
LF:15
LH:15
BRDA:9,0,0,1
BRDA:18,1,0,1
BRDA:24,2,0,8
BRDA:24,2,1,7
BRF:4
BRH:4
end_of_record
TN:
SF:src/services/hotels-service/index.ts
FN:6,verifyData
FN:16,getHotels
FN:25,getHotelRooms
FNF:3
FNH:3
FNDA:12,verifyData
FNDA:6,getHotels
FNDA:6,getHotelRooms
DA:1,10
DA:2,10
DA:3,10
DA:4,10
DA:7,12
DA:8,12
DA:10,10
DA:11,10
DA:12,8
DA:13,6
DA:17,6
DA:19,1
DA:20,1
DA:22,1
DA:26,6
DA:28,1
DA:29,1
DA:31,1
DA:34,10
DA:39,10
LF:20
LH:20
BRDA:8,0,0,2
BRDA:11,1,0,2
BRDA:12,2,0,2
BRDA:13,3,0,4
BRDA:13,4,0,6
BRDA:13,4,1,4
BRDA:20,5,0,0
BRDA:29,6,0,0
BRF:8
BRH:6
end_of_record
TN:
SF:src/services/payment-service/index.ts
FN:6,paymentProcess
FN:29,getPayment
FNF:2
FNH:2
FNDA:5,paymentProcess
FNDA:3,getPayment
DA:1,10
DA:2,10
DA:3,10
DA:7,5
DA:9,5
DA:11,4
DA:13,3
DA:15,3
DA:22,3
DA:24,3
DA:26,3
DA:30,3
DA:32,3
DA:34,2
DA:36,1
DA:38,1
DA:40,1
DA:43,10
DA:48,10
LF:19
LH:19
BRDA:9,0,0,1
BRDA:11,1,0,1
BRDA:32,2,0,1
BRDA:34,3,0,1
BRDA:38,4,0,0
BRF:5
BRH:4
end_of_record
TN:
SF:src/services/tickets-service/index.ts
FN:6,getTicketsType
FN:14,createTicket
FN:39,getTickets
FNF:3
FNH:3
FNDA:2,getTicketsType
FNDA:3,createTicket
FNDA:3,getTickets
DA:1,10
DA:2,10
DA:3,10
DA:4,10
DA:7,2
DA:9,2
DA:11,2
DA:22,3
DA:24,3
DA:26,2
DA:32,2
DA:34,2
DA:36,2
DA:44,3
DA:46,3
DA:48,2
DA:50,2
DA:52,1
DA:55,10
DA:61,10
LF:20
LH:20
BRDA:9,0,0,0
BRDA:24,1,0,1
BRDA:46,2,0,1
BRDA:50,3,0,1
BRF:4
BRH:3
end_of_record
TN:
SF:src/services/users-service/errors.ts
FN:3,duplicatedEmailError
FNF:1
FNH:1
FNDA:4,duplicatedEmailError
DA:3,10
DA:4,4
LF:2
LH:2
BRF:0
BRH:0
end_of_record
TN:
SF:src/services/users-service/index.ts
FN:8,createUser
FN:20,validateUniqueEmailOrFail
FN:27,canEnrollOrFail
FNF:3
FNH:3
FNDA:9,createUser
FNDA:7,validateUniqueEmailOrFail
FNDA:9,canEnrollOrFail
DA:2,10
DA:3,10
DA:4,10
DA:5,10
DA:6,10
DA:8,10
DA:9,9
DA:11,7
DA:13,5
DA:14,5
DA:21,7
DA:22,7
DA:23,2
DA:28,9
DA:29,9
DA:30,2
DA:36,10
DA:40,10
DA:41,10
LF:19
LH:19
BRDA:22,0,0,2
BRDA:29,1,0,2
BRF:2
BRH:2
end_of_record
TN:
SF:src/utils/prisma-utils.ts
FN:1,exclude
FNF:1
FNH:1
FNDA:12,exclude
DA:1,10
DA:2,12
DA:3,12
DA:4,18
DA:6,12
LF:5
LH:5
BRF:0
BRH:0
end_of_record
TN:
SF:src/utils/request.ts
FN:4,get
FNF:1
FNH:1
FNDA:4,get
DA:1,10
DA:2,10
DA:5,4
DA:6,4
DA:7,3
DA:9,1
DA:11,1
DA:15,10
LF:8
LH:8
BRF:0
BRH:0
end_of_record
